<?xml version="1.0" encoding="UTF-8"?>
<!-- Generated by org.testng.reporters.JUnitXMLReporter -->
<testsuite hostname="XIPL0401" ignored="0" name="Default test" tests="12" failures="0" timestamp="05 Aug 2019 10:34:06 GMT" time="7.208" errors="0">
  <testcase name="checkContentType" time="0.005" classname="com.employeeapi.testCases.TC002_Get_Single_EmployeeRecord"/>
  <testcase name="checkResponBody" time="0.017" classname="com.employeeapi.testCases.TC002_Get_Single_EmployeeRecord"/>
  <testcase name="checkStatusCode" time="0.001" classname="com.employeeapi.testCases.TC002_Get_Single_EmployeeRecord"/>
  <testcase name="checkContentType" time="0.002" classname="com.employeeapi.testCases.TC001_Get_All_Employees"/>
  <testcase name="checkResponBody" time="0.019" classname="com.employeeapi.testCases.TC001_Get_All_Employees"/>
  <testcase name="checkStatusCode" time="0.003" classname="com.employeeapi.testCases.TC001_Get_All_Employees"/>
  <testcase name="checkResponBody" time="0.003" classname="com.employeeapi.testCases.TC005_Delete_EmployeeRecord"/>
  <testcase name="checkContentType" time="0.002" classname="com.employeeapi.testCases.TC003_Post_EmployeeRecord"/>
  <testcase name="checkResponBody" time="0.003" classname="com.employeeapi.testCases.TC003_Post_EmployeeRecord"/>
  <testcase name="checkStatusCode" time="0.002" classname="com.employeeapi.testCases.TC003_Post_EmployeeRecord"/>
  <testcase name="checkResponBody" time="0.002" classname="com.employeeapi.testCases.TC004_Put_EmployeeRecord"/>
  <testcase name="checkStatusCode" time="0.001" classname="com.employeeapi.testCases.TC004_Put_EmployeeRecord"/>
</testsuite> <!-- Default test -->
